Loading - C:\XILINX\ACTIVE\PROJECTS\TISHINKR\tishinkr.alb
   Loading library default timing values
Info 9240: The following node is sourceless:
   NODE: C, RA.C, RB.C, RZN.C, RPR0.C, RPR1.C, RR4.C, RR30.C, MYY_COUNTER.C, $I143.C, $I139.C, $I138.C, MYY_D2.C, $I134.C, $I136.C, $I249.C...
Info 9240: The following node is sourceless:
   NODE: CLR, RA.CLR, RB.CLR, RZN.CLR, RPR0.CLR, RPR1.CLR, $I244.I0, $I243.I0, $I143.CLR, $I249.CLR, $I248.CLR, RK2.R, RK1.R, RIA.R, BR1.CLR, BR2.CLR...
Info 9240: The following node is sourceless:
   NODE: START, $I308.I2.
Loading - SR4CLED
   Loading library default timing values
Loading - M2_1
   Loading library default timing values
Loading - SR4CLE
   Loading library default timing values
Loading - ADD4
   Loading library default timing values
Loading - ADD
   Loading library default timing values
Loading - CB2CE
   Loading library default timing values
Loading - FTCE
   Loading library default timing values
Loading - CB4CLE
   Loading library default timing values
Loading - FTCLEX
   Loading library default timing values
Loading - FD4RE
   Loading library default timing values
Loading - FDRE
   Loading library default timing values
Loading - FD
   Loading library default timing values
Loading - RP
   Forcing zero-delay default timing values
Loading - OP
   Forcing zero-delay default timing values
Loading - FD4CE
   Forcing zero-delay default timing values
Loading - ROM
   Forcing zero-delay default timing values
Info 9240: The following node is sourceless:
   NODE:       CLR
Info 9240: The following node is sourceless:
   NODE:       C
===============================
Memory usage statistics:
    Total number of allocated memory blocks: 720 (0)
    Total number of memory reallocations: 3
    Total length of memory used to load the netlist: 512 kB (0)
    Number of system memory blocks (total/long): 2/0
Netlist loaded in: 7 seconds
===============================
