ngdbuild -p xcs10-3-pc84 -uc tishinkr.ucf -dd .. c:\xilinx\active\projects\tishinkr\tishinkr.edn tishinkr.ngd
Release 4.1.03i - ngdbuild E.33
Copyright (c) 1995-2001 Xilinx, Inc.  All rights reserved.

Command Line: ngdbuild -p xcs10-3-pc84 -uc tishinkr.ucf -dd ..
c:\xilinx\active\projects\tishinkr\tishinkr.edn tishinkr.ngd 

Launcher: Executing edif2ngd "c:\xilinx\active\projects\tishinkr\tishinkr.edn"
"c:\xilinx\active\projects\tishinkr\xproj\ver1\tishinkr.ngo"
INFO:NgdBuild - Release 4.1.03i - edif2ngd E.33
INFO:NgdBuild - Copyright (c) 1995-2001 Xilinx, Inc.  All rights reserved.
Writing the design to
"c:/xilinx/active/projects/tishinkr/xproj/ver1/tishinkr.ngo"...
Reading NGO file "c:/xilinx/active/projects/tishinkr/xproj/ver1/tishinkr.ngo"
...
Reading component libraries for design expansion...

Annotating constraints to design from file "tishinkr.ucf" ...
Attached a PULLUP primitive to pad net H2/NR_2 
Attached a PULLUP primitive to pad net H2/GI_GOI 
Attached a PULLUP primitive to pad net H2/NZ_1 
Attached a PULLUP primitive to pad net H2/NR_1 
Attached a PULLUP primitive to pad net H2/NZ_2 
Attached a PULLUP primitive to pad net H3/RG1_D1 
Attached a PULLUP primitive to pad net H3/RG1_D0 
Attached a PULLUP primitive to pad net H3/RG1_D3 
Attached a PULLUP primitive to pad net H3/RG1_D2 
Attached a PULLUP primitive to pad net H4/RG2_D3 
Attached a PULLUP primitive to pad net H4/RG2_D2 
Attached a PULLUP primitive to pad net H4/RG2_D1 
Attached a PULLUP primitive to pad net H4/RG2_D0 
Attached a PULLUP primitive to pad net U1/RG3_D2 
Attached a PULLUP primitive to pad net U1/RG3_D1 
Attached a PULLUP primitive to pad net U1/RG3_D0 
Attached a PULLUP primitive to pad net U1/RG3_D3 

Checking timing specifications ...

Checking expanded design ...
WARNING:NgdBuild:454 - logical net 'H1/CO' has no load
WARNING:NgdBuild:452 - logical net 'H10/Q0' has no driver
WARNING:NgdBuild:452 - logical net 'H10/Q1' has no driver
WARNING:NgdBuild:477 - clock net 'H2/$Net00002_' has non-clock connections
WARNING:NgdBuild:454 - logical net 'MYY_COUNTER/CEO' has no load
WARNING:NgdBuild:454 - logical net 'U1/D2' has no load
WARNING:NgdBuild:454 - logical net 'U1/D3' has no load

NGDBUILD Design Results Summary:
  Number of errors:     0
  Number of warnings:   7

Writing NGD file "tishinkr.ngd" ...

Writing NGDBUILD log file "tishinkr.bld"...

NGDBUILD done.

==================================================

map -p xcs10-3-pc84 -o map.ncd   tishinkr.ngd tishinkr.pcf
Release 4.1.03i - Map E.33
Copyright (c) 1995-2001 Xilinx, Inc.  All rights reserved.
Reading NGD file "tishinkr.ngd"...
Using target part "s10pc84-3".
MAP spartan directives:
   Partname = "xcs10-3-pc84".
   Covermode = "area".
   Pack Unrelated Logic into CLBs targeting 97% of CLB resources.
Processing logical timing constraints...
Verifying F/HMAP validity based on pre-trimmed logic...
Removing unused logic...
Packing logic in CLBs...
   Running cover...
   Undirected packing...
Running physical design DRC...

Design Summary:
   Number of errors:        0
   Number of warnings:      2
   Number of CLBs:             39 out of   196   19%
      CLB Flip Flops:      28
      4 input LUTs:        68
      3 input LUTs:        11 (1 used as route-throughs)
   Number of bonded IOBs:      38 out of    61   62%
      IOB Flops:            0
      IOB Latches:          0
   Number of clock IOB pads:    1 out of     8   12%
   Number of primary CLKs:      1 out of     4   25%
   Number of secondary CLKs:    1 out of     4   25%
   Number of RPM macros:        1
Total equivalent gate count for design: 642
Additional JTAG gate count for IOBs:    1824
** Writing MDF file map.mdf for NCD output file map.ncd.
** Always use the MDF file with the guide NCD file for best results.
Writing design file "map.ncd"...

Removed Logic Summary:
  23 block(s) removed
  20 block(s) optimized away
  21 signal(s) removed

Mapping completed.
See MAP report file "map.mrp" for details.

==================================================

par  -w -ol 2 -d 0 map.ncd tishinkr.ncd tishinkr.pcf
Release 4.1.03i - Par E.33
Copyright (c) 1995-2001 Xilinx, Inc.  All rights reserved.




Constraints file: tishinkr.pcf

Loading design for application par from file map.ncd.
   "tishinkr" is an NCD, version 2.36, device xcs10, package pc84, speed -3
Loading device for application par from file '4005e.nph' in environment
C:/Xilinx.
Device speed data version:  D 1.3 FINAL.


Resolving physical constraints.
Finished resolving physical constraints.

Device utilization summary:

   Number of External IOBs            38 out of 112    62%
      Flops:                           0
      Latches:                         0
   Number of IOBs driving Global Buffers    1 out of 8      12%

   Number of CLBs                     39 out of 196    19%
      Total CLB Flops:                28 out of 392     7%
      4 input LUTs:                   68 out of 392    17%
      3 input LUTs:                   11 out of 196     5%

   Number of PRI-CLKs                  1 out of 4      25%
   Number of SEC-CLKs                  1 out of 4      25%



Overall effort level (-ol):   2 (set by user)
Placer effort level (-pl):    2 (set by user)
Placer cost table entry (-t): 1
Router effort level (-rl):    2 (set by user)
Extra effort level (-xe):     0 (default)

Starting initial Placement phase.  REAL time: 0 secs 
Finished initial Placement phase.  REAL time: 0 secs 

Starting Constructive Placer.  REAL time: 0 secs 
Placer score = 63910
Placer score = 54590
Placer score = 47448
Placer score = 42890
Placer score = 39348
Placer score = 37422
Placer score = 37306
Placer score = 36884
Placer score = 35926
Placer score = 35388
Placer score = 34304
Placer score = 33708
Placer score = 33646
Placer score = 32930
Placer score = 32748
Placer score = 32628
Placer score = 31248
Placer score = 30646
Finished Constructive Placer.  REAL time: 0 secs 

Dumping design to file tishinkr.ncd.

Starting Optimizing Placer.  REAL time: 0 secs 
Optimizing  
Swapped 8 comps.
Xilinx Placer [1]   29564   REAL time: 0 secs 

Finished Optimizing Placer.  REAL time: 0 secs 

Dumping design to file tishinkr.ncd.

Total REAL time to Placer completion: 0 secs 
Total CPU time to Placer completion: 0 secs 

0 connection(s) routed; 309 unrouted active, 1 unrouted PWR/GND.
Starting router resource preassignment
Completed router resource preassignment. REAL time: 0 secs 
Starting iterative routing. 
Routing active signals.
End of iteration 1 
309 successful; 0 unrouted active,
   1 unrouted PWR/GND; (0) REAL time: 0 secs 
End of iteration 2 
309 successful; 0 unrouted active,
   1 unrouted PWR/GND; (0) REAL time: 0 secs 
Constraints are met. 
Routing PWR/GND nets.
Power and ground nets completely routed. 
Dumping design to file tishinkr.ncd.
Starting cleanup 
Improving routing.
End of cleanup iteration 1 
310 successful; 0 unrouted; (0) REAL time: 0 secs 
Dumping design to file tishinkr.ncd.
Total REAL time: 0 secs 
Total CPU  time: 0 secs 
End of route.  310 routed (100.00%); 0 unrouted.
No errors found. 
Completely routed. 

This design was run without timing constraints.  It is likely that much better
circuit performance can be obtained by trying either or both of the following:

  - Enabling the Delay Based Cleanup router pass, if not already enabled
  - Supplying timing constraints in the input design


Total REAL time to Router completion: 0 secs 
Total CPU time to Router completion: 0 secs 

Generating PAR statistics.
Dumping design to file tishinkr.ncd.


All signals are completely routed.

Total REAL time to PAR completion: 0 secs 
Total CPU time to PAR completion: 0 secs 

Placement: Completed - No errors found.
Routing: Completed - No errors found.

PAR done.

==================================================

trce tishinkr.ncd tishinkr.pcf -e 3  -o tishinkr.twr -xml tishinkr.twx
Release 4.1.03i - Trace E.30
Copyright (c) 1995-2001 Xilinx, Inc.  All rights reserved.



Loading design for application trce from file tishinkr.ncd.
   "tishinkr" is an NCD, version 2.36, device xcs10, package pc84, speed -3
Loading device for application trce from file '4005e.nph' in environment
C:/Xilinx.
--------------------------------------------------------------------------------
Release 4.1.03i - Trace E.30
Copyright (c) 1995-2001 Xilinx, Inc.  All rights reserved.

trce tishinkr.ncd tishinkr.pcf -e 3 -o tishinkr.twr -xml tishinkr.twx

Design file:              tishinkr.ncd
Physical constraint file: tishinkr.pcf
Device,speed:             xcs10,-3 (D 1.3 FINAL)
Report level:             error report
--------------------------------------------------------------------------------

WARNING:Timing - No timing constraints found, doing default enumeration.
WARNING:Timing - Clock nets using non-dedicated resources were found in this
   design. Clock skew on these resources will not be automatically addressed
   during path analysis. To create a timing report that analyzes clock skew for
   these paths, run trce with the '-skew' option.

Timing summary:
---------------

Timing errors: 0  Score: 0

Constraints cover 759 paths, 102 nets, and 309 connections (100.0% coverage)

Design statistics:
   Minimum period:  36.812ns (Maximum frequency:  27.165MHz)
   Maximum net delay:  11.723ns


Analysis completed Tue Mar 31 03:48:10 2026
--------------------------------------------------------------------------------

Generating Report ...

Total time: 0 secs 

==================================================

ngdanno tishinkr.ncd map.ngm 
Release 4.1.03i - ngdanno E.33
Copyright (c) 1995-2001 Xilinx, Inc.  All rights reserved.
Reading .ngm file "map.ngm"...

Loading design for application ngdanno from file tishinkr.ncd.
   "tishinkr" is an NCD, version 2.36, device xcs10, package pc84, speed -3
Loading device for application ngdanno from file '4005e.nph' in environment
C:/Xilinx.
Building NGA image...
Annotating NGA image...
Distributing delays...
WARNING:Anno:197 - NGDAnno found 6 physical component(s) for which 100 percent
   back-annotation is not possible. Simulation models for these components will
   be constructed from the NCD. Rerun NGDAnno with the -report option for
   additional details, including any net and instance names which are lost in
   this process.
Creating Guaranteed setup and hold checks... 
WARNING:Anno:152 - default voltage/temp values not available in speed file. 
   Using ngdanno defaults of 4.75V and  85C.
Resolving logical and physical hierarchies...
WARNING:Anno:178 - 8 hierarchical blocks were flattened during back-annotation.
   Rerun NGDAnno with the -report option to see a list of these blocks, as well
   as additional information about nets and instances that may not have their
   original names.
Running NGD DRC...
WARNING:Ngd:333 - NOTE: This design contains the undriven net "GSR" which you
   could drive during simulation to get valid results.
WARNING:Ngd:333 - NOTE: This design contains the undriven net "GTS" which you
   could drive during simulation to get valid results.
Writing .nga file "tishinkr.nga"...
   73 logical models annotated
   6 physical models annotated

==================================================

ngd2edif -w -v fndtn tishinkr.nga time_sim.edn
Release 4.1.03i - ngd2edif E.33
Copyright (c) 1995-2001 Xilinx, Inc.  All rights reserved.
ngd2edif: Reading design tishinkr.nga ...
ngd2edif: Specializing design ...
ngd2edif: Specializing design completed.

ngd2edif: Processing design ...
ngd2edif:   Preping physical only global signals ...
ngd2edif:   Preping design's networks ...
ngd2edif:   Preping design's macros ...
ngd2edif: Preping design completed.

ngd2edif: Writing EDIF netlist file time_sim.edn ...
ngd2edif: Writing file time_sim.edn completed.


==================================================

xcpy time_sim.edn c:\xilinx\active\projects\tishinkr\time_sim.edn

==================================================

bitgen tishinkr.ncd  -w -f bitgen.ut
Release 4.1.03i - Bitgen E.33
Copyright (c) 1995-2001 Xilinx, Inc.  All rights reserved.

Loading design for application Bitgen from file tishinkr.ncd.
   "tishinkr" is an NCD, version 2.36, device xcs10, package pc84, speed -3
Loading device for application Bitgen from file '4005e.nph' in environment
C:/Xilinx.
Opened constraints file tishinkr.pcf.

Tue Mar 31 03:48:14 2026

Running DRC.
DRC detected 0 errors and 0 warnings.
Creating bit map...
Saving bit stream in "tishinkr.bit".
Bitstream generation is complete.

==================================================

xcpy tishinkr.bit c:\xilinx\active\projects\tishinkr\tishinkr.bit
